<?xml version="1.0" encoding="UTF-8"?>
<!-- Generated by org.testng.reporters.JUnitReportReporter -->
<testsuite hostname="DESKTOP-TQBR6AE" name="scripts.SignInSignOut" tests="1" failures="0" timestamp="19 Aug 2019 09:25:12 GMT" time="54.909" errors="0">
  <testcase name="GMailSignInSignOut" time="54.909" classname="scripts.SignInSignOut"/>
</testsuite> <!-- scripts.SignInSignOut -->
