<?xml version="1.0" encoding="UTF-8"?>
<!-- Generated by org.testng.reporters.JUnitReportReporter -->
<testsuite hostname="DESKTOP-TQBR6AE" name="scripts.SendMail" tests="1" failures="0" timestamp="20 Aug 2019 07:20:10 GMT" time="80.255" errors="0">
  <testcase name="composeMailOne" time="80.255" classname="scripts.SendMail"/>
</testsuite> <!-- scripts.SendMail -->
